build/outputs/logs/manifest-merger-debug-report.txt
-- Merging decision tree log ---
manifest
ADDED from src\main\AndroidManifest.xml:2:1-697:12
	package
		ADDED from src\main\AndroidManifest.xml:4:5-36
	android:versionName
		ADDED from src\main\AndroidManifest.xml:7:5-33
		INJECTED from src\main\AndroidManifest.xml
		INJECTED from src\main\AndroidManifest.xml
	xmlns:tools
		ADDED from src\main\AndroidManifest.xml:3:5-51
	android:versionCode
		ADDED from src\main\AndroidManifest.xml:6:5-29
		INJECTED from src\main\AndroidManifest.xml
		INJECTED from src\main\AndroidManifest.xml
	xmlns:android
		ADDED from src\main\AndroidManifest.xml:2:11-69
	android:installLocation
		ADDED from src\main\AndroidManifest.xml:5:5-35
uses-sdk
ADDED from src\main\AndroidManifest.xml:9:5-11:41
MERGED from [com.android.support:multidex:1.0.1] AndroidManifest.xml:18:5-42
MERGED from [xjdh-android:slidingmenu_library:unspecified] AndroidManifest.xml:7:5-9:41
MERGED from [xjdh-android:viepagerindicator_library:unspecified] AndroidManifest.xml:7:5-9:40
MERGED from [com.zhy:okhttputils:2.6.2] AndroidManifest.xml:7:5-9:41
MERGED from [com.android.support:recyclerview-v7:25.4.0] AndroidManifest.xml:20:5-43
MERGED from [com.github.hss01248:DialogUtil:1.17] AndroidManifest.xml:7:5-9:41
MERGED from [com.gjiazhe:wavesidebar:1.3] AndroidManifest.xml:7:5-9:41
MERGED from [cjt.library.wheel:camera:1.1.9] AndroidManifest.xml:7:5-9:41
MERGED from [com.android.support:appcompat-v7:25.4.0] AndroidManifest.xml:21:5-23:78
MERGED from [com.android.support:support-v4:25.4.0] AndroidManifest.xml:21:5-23:54
MERGED from [com.android.support:support-fragment:25.4.0] AndroidManifest.xml:21:5-23:60
MERGED from [com.android.support:support-media-compat:25.4.0] AndroidManifest.xml:21:5-23:63
MERGED from [com.android.support:support-core-utils:25.4.0] AndroidManifest.xml:21:5-23:61
MERGED from [com.android.support:animated-vector-drawable:25.4.0] AndroidManifest.xml:20:5-44
MERGED from [com.android.support:support-vector-drawable:25.4.0] AndroidManifest.xml:20:5-43
MERGED from [com.android.support:support-core-ui:25.4.0] AndroidManifest.xml:21:5-23:58
MERGED from [com.android.support:support-compat:25.4.0] AndroidManifest.xml:21:5-23:58
	tools:overrideLibrary
		ADDED from [com.android.support:appcompat-v7:25.4.0] AndroidManifest.xml:23:9-75
	android:targetSdkVersion
		ADDED from src\main\AndroidManifest.xml:11:9-38
	android:minSdkVersion
		ADDED from src\main\AndroidManifest.xml:10:9-35
supports-screens
ADDED from src\main\AndroidManifest.xml:13:5-19:40
	android:largeScreens
		ADDED from src\main\AndroidManifest.xml:15:9-36
	android:smallScreens
		ADDED from src\main\AndroidManifest.xml:18:9-36
	android:normalScreens
		ADDED from src\main\AndroidManifest.xml:16:9-37
	android:xlargeScreens
		ADDED from src\main\AndroidManifest.xml:19:9-37
	android:resizeable
		ADDED from src\main\AndroidManifest.xml:17:9-34
	android:anyDensity
		ADDED from src\main\AndroidManifest.xml:14:9-34
uses-permission#android.permission.USE_SIP
ADDED from src\main\AndroidManifest.xml:21:5-65
	android:name
		ADDED from src\main\AndroidManifest.xml:21:22-63
uses-permission#android.permission.CONFIGURE_SIP
ADDED from src\main\AndroidManifest.xml:22:5-71
	android:name
		ADDED from src\main\AndroidManifest.xml:22:22-69
uses-permission#android.permission.MODIFY_AUDIO_SETTINGS
ADDED from src\main\AndroidManifest.xml:24:5-80
	android:name
		ADDED from src\main\AndroidManifest.xml:24:22-77
uses-permission#android.permission.READ_CONTACTS
ADDED from src\main\AndroidManifest.xml:25:5-72
	android:name
		ADDED from src\main\AndroidManifest.xml:25:22-69
uses-permission#android.permission.ACCESS_COARSE_LOCATION
ADDED from src\main\AndroidManifest.xml:28:5-81
	android:name
		ADDED from src\main\AndroidManifest.xml:28:22-78
uses-feature#android.hardware.camera
ADDED from src\main\AndroidManifest.xml:30:5-60
	android:name
		ADDED from src\main\AndroidManifest.xml:30:19-57
uses-feature#android.hardware.camera.autofocus
ADDED from src\main\AndroidManifest.xml:31:5-70
	android:name
		ADDED from src\main\AndroidManifest.xml:31:19-67
uses-permission#android.permission.WAKE_LOCK
ADDED from src\main\AndroidManifest.xml:33:5-68
	android:name
		ADDED from src\main\AndroidManifest.xml:33:22-65
uses-permission#android.permission.READ_EXTERNAL_STORAGE
ADDED from src\main\AndroidManifest.xml:34:5-80
	android:name
		ADDED from src\main\AndroidManifest.xml:34:22-77
uses-permission#android.permission.BLUETOOTH
ADDED from src\main\AndroidManifest.xml:37:5-68
	android:name
		ADDED from src\main\AndroidManifest.xml:37:22-65
uses-permission#android.permission.BLUETOOTH_ADMIN
ADDED from src\main\AndroidManifest.xml:38:5-74
	android:name
		ADDED from src\main\AndroidManifest.xml:38:22-71
uses-permission#android.permission.NFC
ADDED from src\main\AndroidManifest.xml:39:5-62
	android:name
		ADDED from src\main\AndroidManifest.xml:39:22-59
uses-feature#android.hardware.nfc
ADDED from src\main\AndroidManifest.xml:41:5-43:35
	android:required
		ADDED from src\main\AndroidManifest.xml:43:9-32
	android:name
		ADDED from src\main\AndroidManifest.xml:42:9-44
uses-permission#android.permission.CAMERA
ADDED from src\main\AndroidManifest.xml:45:5-65
	android:name
		ADDED from src\main\AndroidManifest.xml:45:22-62
uses-permission#android.permission.RECORD_AUDIO
ADDED from src\main\AndroidManifest.xml:46:5-71
	android:name
		ADDED from src\main\AndroidManifest.xml:46:22-68
uses-permission#android.permission.WRITE_EXTERNAL_STORAGE
ADDED from src\main\AndroidManifest.xml:47:5-81
	android:name
		ADDED from src\main\AndroidManifest.xml:47:22-78
uses-permission#android.permission.MOUNT_UNMOUNT_FILESYSTEMS
ADDED from src\main\AndroidManifest.xml:51:5-52:47
	tools:ignore
		ADDED from src\main\AndroidManifest.xml:52:9-44
	android:name
		ADDED from src\main\AndroidManifest.xml:51:22-81
uses-permission#android.permission.SYSTEM_ALERT_WINDOW
ADDED from src\main\AndroidManifest.xml:54:5-78
	android:name
		ADDED from src\main\AndroidManifest.xml:54:22-75
uses-permission#android.permission.VIBRATE
ADDED from src\main\AndroidManifest.xml:55:5-66
	android:name
		ADDED from src\main\AndroidManifest.xml:55:22-63
uses-permission#android.permission.FLASHLIGHT
ADDED from src\main\AndroidManifest.xml:56:5-69
	android:name
		ADDED from src\main\AndroidManifest.xml:56:22-66
uses-permission#android.permission.GET_TASKS
ADDED from src\main\AndroidManifest.xml:58:5-68
	android:name
		ADDED from src\main\AndroidManifest.xml:58:22-65
uses-permission#com.android.launcher.permission.READ_SETTINGS
ADDED from src\main\AndroidManifest.xml:59:5-85
	android:name
		ADDED from src\main\AndroidManifest.xml:59:22-82
uses-permission#android.permission.WRITE_SETTINGS
ADDED from src\main\AndroidManifest.xml:62:5-63:47
	tools:ignore
		ADDED from src\main\AndroidManifest.xml:63:9-44
	android:name
		ADDED from src\main\AndroidManifest.xml:62:22-70
uses-permission#android.permission.RECEIVE_BOOT_COMPLETED
ADDED from src\main\AndroidManifest.xml:64:5-81
	android:name
		ADDED from src\main\AndroidManifest.xml:64:22-78
uses-permission#android.permission.ACCESS_COARSE_LOCATIO
ADDED from src\main\AndroidManifest.xml:66:5-80
	android:name
		ADDED from src\main\AndroidManifest.xml:66:22-77
uses-permission#android.permission.ACCESS_FINE_LOCATION
ADDED from src\main\AndroidManifest.xml:68:5-79
	android:name
		ADDED from src\main\AndroidManifest.xml:68:22-76
uses-permission#android.permission.ACCESS_WIFI_STATE
ADDED from src\main\AndroidManifest.xml:71:5-76
	android:name
		ADDED from src\main\AndroidManifest.xml:71:22-73
uses-permission#android.permission.ACCESS_NETWORK_STATE
ADDED from src\main\AndroidManifest.xml:73:5-79
	android:name
		ADDED from src\main\AndroidManifest.xml:73:22-76
uses-permission#android.permission.CHANGE_WIFI_STATE
ADDED from src\main\AndroidManifest.xml:75:5-76
	android:name
		ADDED from src\main\AndroidManifest.xml:75:22-73
uses-permission#android.permission.READ_PHONE_STATE
ADDED from src\main\AndroidManifest.xml:77:5-75
	android:name
		ADDED from src\main\AndroidManifest.xml:77:22-72
uses-permission#android.permission.INTERNET
ADDED from src\main\AndroidManifest.xml:81:5-67
	android:name
		ADDED from src\main\AndroidManifest.xml:81:22-64
uses-permission#android.permission.READ_LOGS
ADDED from src\main\AndroidManifest.xml:86:5-87:47
	tools:ignore
		ADDED from src\main\AndroidManifest.xml:87:9-44
	android:name
		ADDED from src\main\AndroidManifest.xml:86:22-65
application
ADDED from src\main\AndroidManifest.xml:96:5-695:19
MERGED from [com.android.support:recyclerview-v7:25.4.0] AndroidManifest.xml:22:5-26:19
MERGED from [com.github.hss01248:DialogUtil:1.17] AndroidManifest.xml:11:5-15:19
MERGED from [com.gjiazhe:wavesidebar:1.3] AndroidManifest.xml:11:5-15:19
MERGED from [cjt.library.wheel:camera:1.1.9] AndroidManifest.xml:11:5-15:19
MERGED from [com.android.support:appcompat-v7:25.4.0] AndroidManifest.xml:25:5-29:19
MERGED from [com.android.support:support-v4:25.4.0] AndroidManifest.xml:25:5-29:19
MERGED from [com.android.support:support-fragment:25.4.0] AndroidManifest.xml:25:5-29:19
MERGED from [com.android.support:support-media-compat:25.4.0] AndroidManifest.xml:25:5-29:19
MERGED from [com.android.support:support-core-utils:25.4.0] AndroidManifest.xml:25:5-29:19
MERGED from [com.android.support:animated-vector-drawable:25.4.0] AndroidManifest.xml:22:5-26:19
MERGED from [com.android.support:support-vector-drawable:25.4.0] AndroidManifest.xml:22:5-26:19
MERGED from [com.android.support:support-core-ui:25.4.0] AndroidManifest.xml:25:5-29:19
MERGED from [com.android.support:support-compat:25.4.0] AndroidManifest.xml:25:5-29:19
	android:label
		ADDED from src\main\AndroidManifest.xml:101:9-42
		REJECTED from [com.github.hss01248:DialogUtil:1.17] AndroidManifest.xml:13:9-41
		REJECTED from [com.gjiazhe:wavesidebar:1.3] AndroidManifest.xml:13:9-41
		REJECTED from [cjt.library.wheel:camera:1.1.9] AndroidManifest.xml:13:9-41
	android:supportsRtl
		ADDED from [com.github.hss01248:DialogUtil:1.17] AndroidManifest.xml:14:9-35
	android:hardwareAccelerated
		ADDED from src\main\AndroidManifest.xml:99:9-43
	tools:ignore
		ADDED from src\main\AndroidManifest.xml:104:9-48
	android:allowBackup
		ADDED from src\main\AndroidManifest.xml:98:9-35
	android:icon
		ADDED from src\main\AndroidManifest.xml:100:9-38
	android:theme
		ADDED from src\main\AndroidManifest.xml:102:9-40
	tools:replace
		ADDED from src\main\AndroidManifest.xml:103:9-41
	android:name
		ADDED from src\main\AndroidManifest.xml:97:9-40
meta-data#com.baidu.lbsapi.API_KEY
ADDED from src\main\AndroidManifest.xml:105:9-107:64
	android:value
		ADDED from src\main\AndroidManifest.xml:107:13-61
	android:name
		ADDED from src\main\AndroidManifest.xml:106:13-52
activity#com.chinatelecom.xjdh.app.AppStart_
ADDED from src\main\AndroidManifest.xml:109:9-123:20
	android:label
		ADDED from src\main\AndroidManifest.xml:111:13-46
	android:theme
		ADDED from src\main\AndroidManifest.xml:112:13-71
	android:name
		ADDED from src\main\AndroidManifest.xml:110:13-42
intent-filter#android.intent.action.MAIN+android.intent.category.DEFAULT+android.intent.category.LAUNCHER+com.ultrapower.android.me.APP
ADDED from src\main\AndroidManifest.xml:113:13-119:29
action#com.ultrapower.android.me.APP
ADDED from src\main\AndroidManifest.xml:114:17-72
	android:name
		ADDED from src\main\AndroidManifest.xml:114:25-69
action#android.intent.action.MAIN
ADDED from src\main\AndroidManifest.xml:115:17-69
	android:name
		ADDED from src\main\AndroidManifest.xml:115:25-66
category#android.intent.category.DEFAULT
ADDED from src\main\AndroidManifest.xml:117:17-76
	android:name
		ADDED from src\main\AndroidManifest.xml:117:27-73
category#android.intent.category.LAUNCHER
ADDED from src\main\AndroidManifest.xml:118:17-77
	android:name
		ADDED from src\main\AndroidManifest.xml:118:27-74
intent-filter#android.nfc.action.NDEF_DISCOVERED
ADDED from src\main\AndroidManifest.xml:120:13-122:29
action#android.nfc.action.NDEF_DISCOVERED
ADDED from src\main\AndroidManifest.xml:121:17-77
	android:name
		ADDED from src\main\AndroidManifest.xml:121:25-74
activity#com.chinatelecom.xjdh.ui.SurveillanceActivity_
ADDED from src\main\AndroidManifest.xml:124:9-128:20
	android:configChanges
		ADDED from src\main\AndroidManifest.xml:126:13-74
	android:name
		ADDED from src\main\AndroidManifest.xml:125:13-53
activity#com.chinatelecom.xjdh.ui.DoorListActivity_
ADDED from src\main\AndroidManifest.xml:129:9-133:20
	android:windowSoftInputMode
		ADDED from src\main\AndroidManifest.xml:131:13-70
	android:name
		ADDED from src\main\AndroidManifest.xml:130:13-49
activity#com.chinatelecom.xjdh.ui.RstpVideoActivity_
ADDED from src\main\AndroidManifest.xml:134:9-139:20
	android:windowSoftInputMode
		ADDED from src\main\AndroidManifest.xml:137:13-70
	android:configChanges
		ADDED from src\main\AndroidManifest.xml:136:13-83
	android:name
		ADDED from src\main\AndroidManifest.xml:135:13-50
activity#com.chinatelecom.xjdh.ui.RtspPlayersActivity_
ADDED from src\main\AndroidManifest.xml:140:9-145:20
	android:windowSoftInputMode
		ADDED from src\main\AndroidManifest.xml:143:13-70
	android:configChanges
		ADDED from src\main\AndroidManifest.xml:142:13-59
	android:name
		ADDED from src\main\AndroidManifest.xml:141:13-52
activity#com.chinatelecom.xjdh.ui.RtspPlayerActivity_
ADDED from src\main\AndroidManifest.xml:146:9-151:20
	android:windowSoftInputMode
		ADDED from src\main\AndroidManifest.xml:149:13-70
	android:configChanges
		ADDED from src\main\AndroidManifest.xml:148:13-87
	android:name
		ADDED from src\main\AndroidManifest.xml:147:13-51
activity#com.chinatelecom.xjdh.scan.CaptureActivity_
ADDED from src\main\AndroidManifest.xml:152:9-156:20
	android:windowSoftInputMode
		ADDED from src\main\AndroidManifest.xml:154:13-70
	android:name
		ADDED from src\main\AndroidManifest.xml:153:13-50
activity#com.chinatelecom.xjdh.ui.EditActivity_
ADDED from src\main\AndroidManifest.xml:157:9-161:20
	android:windowSoftInputMode
		ADDED from src\main\AndroidManifest.xml:159:13-70
	android:name
		ADDED from src\main\AndroidManifest.xml:158:13-45
activity#com.chinatelecom.xjdh.ui.UserBackActivity_
ADDED from src\main\AndroidManifest.xml:162:9-166:20
	android:windowSoftInputMode
		ADDED from src\main\AndroidManifest.xml:164:13-70
	android:name
		ADDED from src\main\AndroidManifest.xml:163:13-49
activity#com.chinatelecom.xjdh.ui.CodeActivity_
ADDED from src\main\AndroidManifest.xml:167:9-171:20
	android:windowSoftInputMode
		ADDED from src\main\AndroidManifest.xml:169:13-70
	android:name
		ADDED from src\main\AndroidManifest.xml:168:13-45
activity#com.chinatelecom.xjdh.ui.NavigationActivity_
ADDED from src\main\AndroidManifest.xml:172:9-176:20
	android:windowSoftInputMode
		ADDED from src\main\AndroidManifest.xml:174:13-70
	android:name
		ADDED from src\main\AndroidManifest.xml:173:13-51
activity#com.chinatelecom.xjdh.ui.PWDActivity_
ADDED from src\main\AndroidManifest.xml:177:9-179:46
	android:launchMode
		ADDED from src\main\AndroidManifest.xml:179:13-43
	android:name
		ADDED from src\main\AndroidManifest.xml:178:13-44
activity#com.chinatelecom.xjdh.ui.LoginActivity_
ADDED from src\main\AndroidManifest.xml:180:9-185:20
	android:screenOrientation
		ADDED from src\main\AndroidManifest.xml:182:13-49
	android:windowSoftInputMode
		ADDED from src\main\AndroidManifest.xml:183:13-70
	android:name
		ADDED from src\main\AndroidManifest.xml:181:13-46
activity#com.chinatelecom.xjdh.ui.DoorActivity_
ADDED from src\main\AndroidManifest.xml:186:9-190:20
	android:windowSoftInputMode
		ADDED from src\main\AndroidManifest.xml:188:13-70
	android:name
		ADDED from src\main\AndroidManifest.xml:187:13-45
activity#com.chinatelecom.xjdh.ui.AcceptanceActivity_
ADDED from src\main\AndroidManifest.xml:191:9-195:20
	android:windowSoftInputMode
		ADDED from src\main\AndroidManifest.xml:193:13-70
	android:name
		ADDED from src\main\AndroidManifest.xml:192:13-51
activity#com.chinatelecom.xjdh.ui.SecurityActivity_
ADDED from src\main\AndroidManifest.xml:196:9-200:20
	android:windowSoftInputMode
		ADDED from src\main\AndroidManifest.xml:198:13-70
	android:name
		ADDED from src\main\AndroidManifest.xml:197:13-49
activity#com.chinatelecom.xjdh.ui.StationPhotoActivity_
ADDED from src\main\AndroidManifest.xml:201:9-205:20
	android:windowSoftInputMode
		ADDED from src\main\AndroidManifest.xml:203:13-70
	android:name
		ADDED from src\main\AndroidManifest.xml:202:13-53
activity#com.chinatelecom.xjdh.ui.PersonGraphActivity_
ADDED from src\main\AndroidManifest.xml:206:9-210:20
	android:windowSoftInputMode
		ADDED from src\main\AndroidManifest.xml:208:13-70
	android:name
		ADDED from src\main\AndroidManifest.xml:207:13-52
activity#com.chinatelecom.xjdh.ui.DoneRoomActivity_
ADDED from src\main\AndroidManifest.xml:211:9-215:20
	android:windowSoftInputMode
		ADDED from src\main\AndroidManifest.xml:213:13-70
	android:name
		ADDED from src\main\AndroidManifest.xml:212:13-49
activity#com.chinatelecom.xjdh.ui.DoneActivity_
ADDED from src\main\AndroidManifest.xml:216:9-220:20
	android:windowSoftInputMode
		ADDED from src\main\AndroidManifest.xml:218:13-70
	android:name
		ADDED from src\main\AndroidManifest.xml:217:13-45
activity#com.chinatelecom.xjdh.ui.ManageActivity_
ADDED from src\main\AndroidManifest.xml:221:9-225:20
	android:windowSoftInputMode
		ADDED from src\main\AndroidManifest.xml:223:13-70
	android:name
		ADDED from src\main\AndroidManifest.xml:222:13-47
activity#com.chinatelecom.xjdh.ui.EnergysActivity_
ADDED from src\main\AndroidManifest.xml:226:9-230:20
	android:windowSoftInputMode
		ADDED from src\main\AndroidManifest.xml:228:13-70
	android:name
		ADDED from src\main\AndroidManifest.xml:227:13-48
activity#com.chinatelecom.xjdh.ui.UncommittActivity_
ADDED from src\main\AndroidManifest.xml:231:9-235:20
	android:windowSoftInputMode
		ADDED from src\main\AndroidManifest.xml:233:13-70
	android:name
		ADDED from src\main\AndroidManifest.xml:232:13-50
activity#com.chinatelecom.xjdh.ui.AboutActivity_
ADDED from src\main\AndroidManifest.xml:236:9-240:20
	android:windowSoftInputMode
		ADDED from src\main\AndroidManifest.xml:238:13-70
	android:name
		ADDED from src\main\AndroidManifest.xml:237:13-46
activity#com.chinatelecom.xjdh.ui.WorkRealismActivity_
ADDED from src\main\AndroidManifest.xml:241:9-246:20
	android:launchMode
		ADDED from src\main\AndroidManifest.xml:244:13-43
	android:configChanges
		ADDED from src\main\AndroidManifest.xml:243:13-83
	android:name
		ADDED from src\main\AndroidManifest.xml:242:13-52
activity#com.chinatelecom.xjdh.ui.ComputerRoomActivity_
ADDED from src\main\AndroidManifest.xml:247:9-251:20
	android:windowSoftInputMode
		ADDED from src\main\AndroidManifest.xml:249:13-70
	android:name
		ADDED from src\main\AndroidManifest.xml:248:13-53
activity#com.chinatelecom.xjdh.ui.EquipmentSubActivity_
ADDED from src\main\AndroidManifest.xml:252:9-257:20
	android:windowSoftInputMode
		ADDED from src\main\AndroidManifest.xml:255:13-70
	android:configChanges
		ADDED from src\main\AndroidManifest.xml:254:13-83
	android:name
		ADDED from src\main\AndroidManifest.xml:253:13-53
activity#com.chinatelecom.xjdh.uploadimg.BitmapCache_
ADDED from src\main\AndroidManifest.xml:258:9-262:20
	android:windowSoftInputMode
		ADDED from src\main\AndroidManifest.xml:260:13-70
	android:name
		ADDED from src\main\AndroidManifest.xml:259:13-51
activity#com.chinatelecom.xjdh.ui.FaultDetailActivity_
ADDED from src\main\AndroidManifest.xml:263:9-266:46
	android:launchMode
		ADDED from src\main\AndroidManifest.xml:266:13-43
	android:configChanges
		ADDED from src\main\AndroidManifest.xml:265:13-83
	android:name
		ADDED from src\main\AndroidManifest.xml:264:13-52
activity#com.chinatelecom.xjdh.uploadimg.GalleryActivity_
ADDED from src\main\AndroidManifest.xml:267:9-271:20
	android:windowSoftInputMode
		ADDED from src\main\AndroidManifest.xml:269:13-70
	android:name
		ADDED from src\main\AndroidManifest.xml:268:13-55
activity#com.chinatelecom.xjdh.ui.ToolUploadActivity_
ADDED from src\main\AndroidManifest.xml:272:9-276:20
	android:windowSoftInputMode
		ADDED from src\main\AndroidManifest.xml:274:13-70
	android:name
		ADDED from src\main\AndroidManifest.xml:273:13-51
activity#com.chinatelecom.xjdh.uploadimg.AlbumActivity_
ADDED from src\main\AndroidManifest.xml:277:9-281:20
	android:windowSoftInputMode
		ADDED from src\main\AndroidManifest.xml:279:13-70
	android:name
		ADDED from src\main\AndroidManifest.xml:278:13-53
activity#com.chinatelecom.xjdh.uploadimg.ImageFile_
ADDED from src\main\AndroidManifest.xml:282:9-286:20
	android:windowSoftInputMode
		ADDED from src\main\AndroidManifest.xml:284:13-70
	android:name
		ADDED from src\main\AndroidManifest.xml:283:13-49
activity#com.chinatelecom.xjdh.uploadimg.ShowAllPhoto_
ADDED from src\main\AndroidManifest.xml:287:9-291:20
	android:windowSoftInputMode
		ADDED from src\main\AndroidManifest.xml:289:13-70
	android:name
		ADDED from src\main\AndroidManifest.xml:288:13-52
activity#com.chinatelecom.xjdh.ui.AutographActivity_
ADDED from src\main\AndroidManifest.xml:292:9-296:20
	android:windowSoftInputMode
		ADDED from src\main\AndroidManifest.xml:294:13-70
	android:name
		ADDED from src\main\AndroidManifest.xml:293:13-50
activity#com.chinatelecom.xjdh.ui.EditDevActivity_
ADDED from src\main\AndroidManifest.xml:297:9-301:20
	android:windowSoftInputMode
		ADDED from src\main\AndroidManifest.xml:299:13-70
	android:name
		ADDED from src\main\AndroidManifest.xml:298:13-48
activity#com.chinatelecom.xjdh.ui.ModifyActivity_
ADDED from src\main\AndroidManifest.xml:302:9-304:73
	android:windowSoftInputMode
		ADDED from src\main\AndroidManifest.xml:304:13-70
	android:name
		ADDED from src\main\AndroidManifest.xml:303:13-47
activity#com.chinatelecom.xjdh.ui.NewFaultActivity_
ADDED from src\main\AndroidManifest.xml:305:9-307:73
	android:windowSoftInputMode
		ADDED from src\main\AndroidManifest.xml:307:13-70
	android:name
		ADDED from src\main\AndroidManifest.xml:306:13-49
activity#com.chinatelecom.xjdh.ui.UploadSignActivity_
ADDED from src\main\AndroidManifest.xml:308:9-312:20
	android:windowSoftInputMode
		ADDED from src\main\AndroidManifest.xml:310:13-70
	android:name
		ADDED from src\main\AndroidManifest.xml:309:13-51
activity#com.chinatelecom.xjdh.uploadimg.ImageZoomActivity_
ADDED from src\main\AndroidManifest.xml:313:9-317:20
	android:windowSoftInputMode
		ADDED from src\main\AndroidManifest.xml:315:13-70
	android:name
		ADDED from src\main\AndroidManifest.xml:314:13-57
activity#com.chinatelecom.xjdh.uploadimg.ImageChooseActivity_
ADDED from src\main\AndroidManifest.xml:318:9-322:20
	android:windowSoftInputMode
		ADDED from src\main\AndroidManifest.xml:320:13-70
	android:name
		ADDED from src\main\AndroidManifest.xml:319:13-59
activity#com.chinatelecom.xjdh.uploadimg.ImageBucketChooseActivity_
ADDED from src\main\AndroidManifest.xml:323:9-327:20
	android:windowSoftInputMode
		ADDED from src\main\AndroidManifest.xml:325:13-70
	android:name
		ADDED from src\main\AndroidManifest.xml:324:13-65
activity#com.chinatelecom.xjdh.ui.AnswerUploadActivity_
ADDED from src\main\AndroidManifest.xml:328:9-332:20
	android:windowSoftInputMode
		ADDED from src\main\AndroidManifest.xml:330:13-70
	android:name
		ADDED from src\main\AndroidManifest.xml:329:13-53
activity#com.chinatelecom.xjdh.ui.SeePhotosActivity_
ADDED from src\main\AndroidManifest.xml:333:9-337:20
	android:windowSoftInputMode
		ADDED from src\main\AndroidManifest.xml:335:13-70
	android:name
		ADDED from src\main\AndroidManifest.xml:334:13-50
activity#com.chinatelecom.xjdh.ui.RealtimeAlarmActivity_
ADDED from src\main\AndroidManifest.xml:338:9-342:20
	android:windowSoftInputMode
		ADDED from src\main\AndroidManifest.xml:340:13-70
	android:name
		ADDED from src\main\AndroidManifest.xml:339:13-54
activity#com.chinatelecom.xjdh.ui.BoardSettingActivity_
ADDED from src\main\AndroidManifest.xml:343:9-347:20
	android:windowSoftInputMode
		ADDED from src\main\AndroidManifest.xml:345:13-70
	android:name
		ADDED from src\main\AndroidManifest.xml:344:13-53
activity#com.chinatelecom.xjdh.ui.SPDevTestActivity_
ADDED from src\main\AndroidManifest.xml:348:9-352:20
	android:windowSoftInputMode
		ADDED from src\main\AndroidManifest.xml:350:13-70
	android:name
		ADDED from src\main\AndroidManifest.xml:349:13-50
activity#com.chinatelecom.xjdh.ui.NetworkTestActivity_
ADDED from src\main\AndroidManifest.xml:353:9-357:20
	android:windowSoftInputMode
		ADDED from src\main\AndroidManifest.xml:355:13-70
	android:name
		ADDED from src\main\AndroidManifest.xml:354:13-52
activity#com.chinatelecom.xjdh.ui.SMDDeviceMonitor_
ADDED from src\main\AndroidManifest.xml:358:9-362:20
	android:windowSoftInputMode
		ADDED from src\main\AndroidManifest.xml:360:13-70
	android:name
		ADDED from src\main\AndroidManifest.xml:359:13-49
activity#com.chinatelecom.xjdh.ui.TestEquipmentActivity_
ADDED from src\main\AndroidManifest.xml:363:9-365:73
	android:windowSoftInputMode
		ADDED from src\main\AndroidManifest.xml:365:13-70
	android:name
		ADDED from src\main\AndroidManifest.xml:364:13-54
activity#com.chinatelecom.xjdh.ui.DevMonitorListActivity_
ADDED from src\main\AndroidManifest.xml:366:9-368:73
	android:windowSoftInputMode
		ADDED from src\main\AndroidManifest.xml:368:13-70
	android:name
		ADDED from src\main\AndroidManifest.xml:367:13-55
activity#com.chinatelecom.xjdh.ui.MainActivity_
ADDED from src\main\AndroidManifest.xml:369:9-371:77
	android:configChanges
		ADDED from src\main\AndroidManifest.xml:371:13-74
	android:name
		ADDED from src\main\AndroidManifest.xml:370:13-45
activity#com.chinatelecom.xjdh.ui.AlarmActivity_
ADDED from src\main\AndroidManifest.xml:372:9-375:46
	android:launchMode
		ADDED from src\main\AndroidManifest.xml:375:13-43
	android:configChanges
		ADDED from src\main\AndroidManifest.xml:374:13-83
	android:name
		ADDED from src\main\AndroidManifest.xml:373:13-46
activity#com.chinatelecom.xjdh.ui.PDMainActivity
ADDED from src\main\AndroidManifest.xml:377:9-381:20
	android:screenOrientation
		ADDED from src\main\AndroidManifest.xml:379:13-49
	android:configChanges
		ADDED from src\main\AndroidManifest.xml:380:13-83
	android:name
		ADDED from src\main\AndroidManifest.xml:378:13-46
activity#com.chinatelecom.xjdh.ui.DoingActivity_
ADDED from src\main\AndroidManifest.xml:383:9-386:55
	android:windowSoftInputMode
		ADDED from src\main\AndroidManifest.xml:386:13-52
	android:configChanges
		ADDED from src\main\AndroidManifest.xml:385:13-83
	android:name
		ADDED from src\main\AndroidManifest.xml:384:13-46
activity#com.chinatelecom.xjdh.ui.DoingToolActivity_
ADDED from src\main\AndroidManifest.xml:387:9-390:55
	android:windowSoftInputMode
		ADDED from src\main\AndroidManifest.xml:390:13-52
	android:configChanges
		ADDED from src\main\AndroidManifest.xml:389:13-83
	android:name
		ADDED from src\main\AndroidManifest.xml:388:13-50
activity#com.chinatelecom.xjdh.ui.MonitorActivity_
ADDED from src\main\AndroidManifest.xml:391:9-394:55
	android:windowSoftInputMode
		ADDED from src\main\AndroidManifest.xml:394:13-52
	android:configChanges
		ADDED from src\main\AndroidManifest.xml:393:13-83
	android:name
		ADDED from src\main\AndroidManifest.xml:392:13-48
activity#com.chinatelecom.xjdh.ui.MonSeachActivity_
ADDED from src\main\AndroidManifest.xml:395:9-398:55
	android:windowSoftInputMode
		ADDED from src\main\AndroidManifest.xml:398:13-52
	android:configChanges
		ADDED from src\main\AndroidManifest.xml:397:13-83
	android:name
		ADDED from src\main\AndroidManifest.xml:396:13-49
activity#com.chinatelecom.xjdh.ui.RoomListActivity_
ADDED from src\main\AndroidManifest.xml:399:9-402:55
	android:windowSoftInputMode
		ADDED from src\main\AndroidManifest.xml:402:13-52
	android:configChanges
		ADDED from src\main\AndroidManifest.xml:401:13-83
	android:name
		ADDED from src\main\AndroidManifest.xml:400:13-49
activity#com.chinatelecom.xjdh.ui.AllStationActivity_
ADDED from src\main\AndroidManifest.xml:403:9-405:86
	android:configChanges
		ADDED from src\main\AndroidManifest.xml:405:13-83
	android:name
		ADDED from src\main\AndroidManifest.xml:404:13-51
activity#com.chinatelecom.xjdh.ui.RoomDevListActivity_
ADDED from src\main\AndroidManifest.xml:406:9-409:55
	android:windowSoftInputMode
		ADDED from src\main\AndroidManifest.xml:409:13-52
	android:configChanges
		ADDED from src\main\AndroidManifest.xml:408:13-83
	android:name
		ADDED from src\main\AndroidManifest.xml:407:13-52
activity#com.chinatelecom.xjdh.ui.WebViewActivity_
ADDED from src\main\AndroidManifest.xml:410:9-412:86
	android:configChanges
		ADDED from src\main\AndroidManifest.xml:412:13-83
	android:name
		ADDED from src\main\AndroidManifest.xml:411:13-48
activity#com.chinatelecom.xjdh.ui.QuestionActivity_
ADDED from src\main\AndroidManifest.xml:413:9-416:52
	android:screenOrientation
		ADDED from src\main\AndroidManifest.xml:416:13-49
	android:configChanges
		ADDED from src\main\AndroidManifest.xml:415:13-83
	android:name
		ADDED from src\main\AndroidManifest.xml:414:13-49
activity#com.chinatelecom.xjdh.ui.AllFaultActivity_
ADDED from src\main\AndroidManifest.xml:417:9-420:52
	android:screenOrientation
		ADDED from src\main\AndroidManifest.xml:420:13-49
	android:configChanges
		ADDED from src\main\AndroidManifest.xml:419:13-83
	android:name
		ADDED from src\main\AndroidManifest.xml:418:13-49
activity#com.chinatelecom.xjdh.ui.OverhaulActivity_
ADDED from src\main\AndroidManifest.xml:421:9-424:52
	android:screenOrientation
		ADDED from src\main\AndroidManifest.xml:424:13-49
	android:configChanges
		ADDED from src\main\AndroidManifest.xml:423:13-83
	android:name
		ADDED from src\main\AndroidManifest.xml:422:13-49
activity#com.chinatelecom.xjdh.ui.SubmitFaultActivity_
ADDED from src\main\AndroidManifest.xml:425:9-428:52
	android:screenOrientation
		ADDED from src\main\AndroidManifest.xml:428:13-49
	android:configChanges
		ADDED from src\main\AndroidManifest.xml:427:13-83
	android:name
		ADDED from src\main\AndroidManifest.xml:426:13-52
activity#com.chinatelecom.xjdh.ui.DetailsActivity_
ADDED from src\main\AndroidManifest.xml:429:9-432:52